400 40000.00 -77.72528
401 40100.00 -77.67857
402 40200.00 -77.46648
403 40300.00 -77.08908
404 40400.00 -76.54753
405 40500.00 -75.84400
406 40600.00 -74.98167
407 40700.00 -73.96458
408 40800.00 -72.79758
409 40900.00 -71.48625
410 41000.00 -70.03676
411 41100.00 -68.45580
412 41200.00 -66.75048
413 41300.00 -64.92821
414 41400.00 -62.99664
415 41500.00 -60.96357
416 41600.00 -58.83686
417 41700.00 -56.62438
418 41800.00 -54.33393
419 41900.00 -51.97323
420 42000.00 -49.54984
421 42100.00 -47.07115
422 42200.00 -44.54433
423 42300.00 -41.97632
424 42400.00 -39.37383
425 42500.00 -36.74331
426 42600.00 -34.09094
427 42700.00 -31.42263
428 42800.00 -28.74405
429 42900.00 -26.06058
430 43000.00 -23.37736
431 43100.00 -20.69927
432 43200.00 -18.03093
433 43300.00 -15.37676
434 43400.00 -12.74092
435 43500.00 -10.12737
436 43600.00 -7.53985
437 43700.00 -4.98190
438 43800.00 -2.45689
439 43900.00 0.03201
440 44000.00 2.48180
441 44100.00 4.88963
442 44200.00 7.25280
443 44300.00 9.56877
444 44400.00 11.83511
445 44500.00 14.04956
446 44600.00 16.20993
447 44700.00 18.31417
448 44800.00 20.36035
449 44900.00 22.34662
450 45000.00 24.27123
451 45100.00 26.13252
452 45200.00 27.92891
453 45300.00 29.65892
454 45400.00 31.32113
455 45500.00 32.91420
456 45600.00 34.43685
457 45700.00 35.88787
458 45800.00 37.26613
459 45900.00 38.57052
460 46000.00 39.80004
461 46100.00 40.95371
462 46200.00 42.03062
463 46300.00 43.02990
464 46400.00 43.95077
465 46500.00 44.79245
466 46600.00 45.55425
467 46700.00 46.23553
468 46800.00 46.83568
469 46900.00 47.35417
470 47000.00 47.79052
471 47100.00 48.14429
472 47200.00 48.41511
473 47300.00 48.60267
474 47400.00 48.70673
475 47500.00 48.72710
476 47600.00 48.66367
477 47700.00 48.51642
478 47800.00 48.28538
479 47900.00 47.97068
480 48000.00 47.57254
481 48100.00 47.09127
482 48200.00 46.52729
483 48300.00 45.88113
484 48400.00 45.15344
485 48500.00 44.34499
486 48600.00 43.45670
487 48700.00 42.48964
488 48800.00 41.44503
489 48900.00 40.32428
490 49000.00 39.12898
491 49100.00 37.86092
492 49200.00 36.52211
493 49300.00 35.11479
494 49400.00 33.64146
495 49500.00 32.10488
496 49600.00 30.50810
497 49700.00 28.85447
498 49800.00 27.14767
499 49900.00 25.39174
500 50000.00 23.59104
501 50100.00 21.75034
502 50200.00 19.87482
503 50300.00 17.97003
504 50400.00 16.04197
505 50500.00 14.09708
506 50600.00 12.14223
507 50700.00 10.18471
508 50800.00 8.23227
509 50900.00 6.29306
510 51000.00 4.37565
511 51100.00 2.48896
512 51200.00 0.64224
513 51300.00 -1.15496
514 51400.00 -2.89291
515 51500.00 -4.56172
516 51600.00 -6.15143
517 51700.00 -7.65213
518 51800.00 -9.05406
519 51900.00 -10.34770
520 52000.00 -11.52392
521 52100.00 -12.57406
522 52200.00 -13.49009
523 52300.00 -14.26470
524 52400.00 -14.89139
525 52500.00 -15.36460
526 52600.00 -15.67977
527 52700.00 -15.83340
528 52800.00 -15.82307
529 52900.00 -15.64750
530 53000.00 -15.30652
531 53100.00 -14.80103
532 53200.00 -14.13301
533 53300.00 -13.30540
534 53400.00 -12.32206
535 53500.00 -11.18768
536 53600.00 -9.90769
537 53700.00 -8.48812
538 53800.00 -6.93557
539 53900.00 -5.25706
540 54000.00 -3.45995
541 54100.00 -1.55183
542 54200.00 0.45951
543 54300.00 2.56624
544 54400.00 4.76048
545 54500.00 7.03439
546 54600.00 9.38024
547 54700.00 11.79044
548 54800.00 14.25756
549 54900.00 16.77436
550 55000.00 19.33387
551 55100.00 21.92931
552 55200.00 24.55419
553 55300.00 27.20226
554 55400.00 29.86754
555 55500.00 32.54433
556 55600.00 35.22717
557 55700.00 37.91088
558 55800.00 40.59051
559 55900.00 43.26138
560 56000.00 45.91904
561 56100.00 48.55928
562 56200.00 51.17807
563 56300.00 53.77165
564 56400.00 56.33642
565 56500.00 58.86898
566 56600.00 61.36611
567 56700.00 63.82478
568 56800.00 66.24210
569 56900.00 68.61535
570 57000.00 70.94195
571 57100.00 73.21944
572 57200.00 75.44553
573 57300.00 77.61801
574 57400.00 79.73481
575 57500.00 81.79396
576 57600.00 83.79361
577 57700.00 85.73196
578 57800.00 87.60736
579 57900.00 89.41820
580 58000.00 91.16299
581 58100.00 92.84028
582 58200.00 94.44871
583 58300.00 95.98701
584 58400.00 97.45393
585 58500.00 98.84834
586 58600.00 100.16912
587 58700.00 101.41525
588 58800.00 102.58573
589 58900.00 103.67965
590 59000.00 104.69614
591 59100.00 105.63437
592 59200.00 106.49358
593 59300.00 107.27307
594 59400.00 107.97217
595 59500.00 108.59027
596 59600.00 109.12682
597 59700.00 109.58133
598 59800.00 109.95335
599 59900.00 110.24251
