40000.00000 4.55869 4.21580 46164.45816 46141.61722 8.77567
40202.02020 4.68289 4.32220 46363.01622 46343.63742 5.63741
40404.04040 4.80709 4.43229 46561.37727 46545.65762 2.30214
40606.06061 4.93129 4.54664 46759.56055 46747.67783 -1.21091
40808.08081 5.05549 4.66591 46957.59261 46949.69803 -4.87516
41010.10101 5.17969 4.79090 47155.51045 47151.71823 -8.65364
41212.12121 5.30389 4.92247 47353.36573 47353.73843 -12.49468
41414.14141 5.42810 5.06164 47551.23073 47555.75863 -16.32600
41616.16162 5.55230 5.20950 47749.20619 47757.77884 -20.04688
41818.18182 5.67650 5.36715 47947.43071 47959.79904 -23.51868
42020.20202 5.80070 5.53553 48146.08983 48161.81924 -26.55587
42222.22222 5.92490 5.71506 48345.41862 48363.83944 -28.92340
42424.24242 6.04910 5.90515 48545.68598 48565.85964 -30.35237
42626.26263 6.17330 6.10366 48747.14617 48767.87985 -30.58850
42828.28283 0.01431 0.02346 48949.95763 48969.90005 -29.47336
43030.30303 0.13851 0.22585 49154.10737 49171.92025 -27.01994
43232.32323 0.26272 0.42270 49359.40087 49373.94045 -23.42276
43434.34343 0.38692 0.61049 49565.53185 49575.96065 -18.98811
43636.36364 0.51112 0.78745 49772.17794 49777.98086 -14.03835
43838.38384 0.63532 0.95330 49979.06512 49980.00106 -8.84749
44040.40404 0.75952 1.10860 50185.98875 50182.02126 -3.62018
44242.42424 0.88372 1.25435 50392.80784 50384.04146 1.50259
44444.44444 1.00792 1.39168 50599.43037 50586.06166 6.42881
44646.46465 1.13212 1.52165 50805.79883 50788.08187 11.10094
44848.48485 1.25632 1.64524 51011.87887 50990.10207 15.48465
45050.50505 1.38052 1.76332 51217.65138 51192.12227 19.56084
45252.52525 1.50472 1.87662 51423.10704 51394.14247 23.32018
45454.54545 1.62892 1.98581 51628.24278 51596.16267 26.75960
45656.56566 1.75312 2.09145 51833.05940 51798.18288 29.87989
45858.58586 1.87732 2.19401 52037.56006 52000.20308 32.68423
46060.60606 2.00152 2.29392 52241.74930 52202.22328 35.17715
46262.62626 2.12572 2.39157 52445.63234 52404.24348 37.36387
46464.64646 2.24993 2.48728 52649.21473 52606.26368 39.24994
46666.66667 2.37413 2.58136 52852.50202 52808.28389 40.84090
46868.68687 2.49833 2.67409 53055.49959 53010.30409 42.14215
47070.70707 2.62253 2.76570 53258.21261 53212.32429 43.15885
47272.72727 2.74673 2.85644 53460.64590 53414.34449 43.89582
47474.74747 2.87093 2.94652 53662.80396 53616.36469 44.35756
47676.76768 2.99513 3.03617 53864.69096 53818.38490 44.54823
47878.78788 3.11933 3.12558 54066.31070 54020.40510 44.47165
48080.80808 3.24353 3.21495 54267.66671 54222.42530 44.13134
48282.82828 3.36773 3.30448 54468.76225 54424.44550 43.53056
48484.84848 3.49193 3.39439 54669.60038 54626.46570 42.67236
48686.86869 3.61613 3.48487 54870.18400 54828.48591 41.55966
48888.88889 3.74033 3.57614 55070.51595 55030.50611 40.19529
49090.90909 3.86453 3.66844 55270.59915 55232.52631 38.58216
49292.92929 3.98873 3.76200 55470.43671 55434.54651 36.72340
49494.94949 4.11293 3.85710 55670.03213 55636.56671 34.62251
49696.96970 4.23714 3.95401 55869.38960 55838.58692 32.28364
49898.98990 4.36134 4.05307 56068.51423 56040.60712 29.71195
50101.01010 4.48554 4.15464 56267.41265 56242.62732 26.91405
50303.03030 4.60974 4.25912 56466.09357 56444.64752 23.89866
50505.05051 4.73394 4.36697 56664.56872 56646.66773 20.67747
50707.07071 4.85814 4.47874 56862.85401 56848.68793 17.26645
50909.09091 4.98234 4.59502 57060.97140 57050.70813 13.68752
51111.11111 5.10654 4.71654 57258.95132 57252.72833 9.97112
51313.13131 5.23074 4.84412 57456.83618 57454.74853 6.15965
51515.15152 5.35494 4.97869 57654.68529 57656.76874 2.31244
51717.17172 5.47914 5.12129 57852.58156 57858.78894 -1.48761
51919.19192 5.60334 5.27305 58050.64010 58060.80914 -5.12539
52121.21212 5.72754 5.43501 58249.01790 58262.82934 -8.44392
52323.23232 5.85174 5.60797 58447.92123 58464.84954 -11.23691
52525.25253 5.97594 5.79199 58647.60254 58666.86975 -13.25192
52727.27273 6.10014 5.98591 58848.33277 58868.88995 -14.21801
52929.29293 6.22435 6.18682 59050.33766 59070.91015 -13.90945
53131.31313 0.06536 0.10702 59253.71183 59272.93035 -12.23160
53333.33333 0.18956 0.30767 59458.36377 59474.95055 -9.27598
53535.35354 0.31376 0.50112 59664.04147 59676.97076 -5.29461
53737.37374 0.43796 0.68458 59870.42136 59878.99096 -0.61104
53939.39394 0.56216 0.85694 60077.19583 60081.01116 4.46711
54141.41414 0.68636 1.01835 60284.11884 60283.03136 9.69380
54343.43434 0.81056 1.16960 60491.01343 60485.05156 14.89207
54545.45455 0.93476 1.31175 60697.76062 60687.07177 19.94294
54747.47475 1.05897 1.44593 60904.28416 60889.09197 24.77015
54949.49495 1.18317 1.57317 61110.53721 61091.11217 29.32688
55151.51515 1.30737 1.69439 61316.49251 61293.13237 33.58586
55353.53535 1.43157 1.81042 61522.13550 61495.15257 37.53253
55555.55556 1.55577 1.92197 61727.45979 61697.17278 41.16049
55757.57576 1.67997 2.02963 61932.46411 61899.19298 44.46849
55959.59596 1.80417 2.13394 62137.15039 62101.21318 47.45845
56161.61616 1.92837 2.23537 62341.52245 62303.23338 50.13419
56363.63636 2.05257 2.33431 62545.58518 62505.25358 52.50060
56565.65657 2.17677 2.43112 62749.34399 62707.27379 54.56308
56767.67677 2.30097 2.52613 62952.80442 62909.29399 56.32719
56969.69697 2.42517 2.61962 63155.97199 63111.31419 57.79845
57171.71717 2.54937 2.71186 63358.85201 63313.33439 58.98214
57373.73737 2.67357 2.80308 63561.44949 63515.35459 59.88330
57575.75758 2.79777 2.89353 63763.76915 63717.37480 60.50663
57777.77778 2.92197 2.98341 63965.81532 63919.39500 60.85647
57979.79798 3.04618 3.07293 64167.59202 64121.41520 60.93686
58181.81818 3.17038 3.16230 64369.10295 64323.43540 60.75147
58383.83838 3.29458 3.25172 64570.35153 64525.45560 60.30373
58585.85859 3.41878 3.34138 64771.34093 64727.47581 59.59680
58787.87879 3.54298 3.43149 64972.07410 64929.49601 58.63365
58989.89899 3.66718 3.52227 65172.55393 65131.51621 57.41716
59191.91919 3.79138 3.61394 65372.78329 65333.53641 55.95020
59393.93939 3.91558 3.70672 65572.76513 65535.55661 54.23572
59595.95960 4.03978 3.80088 65772.50273 65737.57682 52.27699
59797.97980 4.16398 3.89669 65971.99980 65939.59702 50.07774
60000.00000 4.28818 3.99445 66171.26087 66141.61722 47.64249
