40000.00000 4.55869 4.21580 46164.45816 46141.61722 -19.36036
40202.02020 4.68289 4.32220 46363.01622 46343.63742 -21.85074
40404.04040 4.80709 4.43229 46561.37727 46545.65762 -24.53812
40606.06061 4.93129 4.54664 46759.56055 46747.67783 -27.40328
40808.08081 5.05549 4.66591 46957.59261 46949.69803 -30.41965
41010.10101 5.17969 4.79090 47155.51045 47151.71823 -33.55025
41212.12121 5.30389 4.92247 47353.36573 47353.73843 -36.74340
41414.14141 5.42810 5.06164 47551.23073 47555.75863 -39.92683
41616.16162 5.55230 5.20950 47749.20619 47757.77884 -42.99982
41818.18182 5.67650 5.36715 47947.43071 47959.79904 -45.82374
42020.20202 5.80070 5.53553 48146.08983 48161.81924 -48.21304
42222.22222 5.92490 5.71506 48345.41862 48363.83944 -49.93269
42424.24242 6.04910 5.90515 48545.68598 48565.85964 -50.71377
42626.26263 6.17330 6.10366 48747.14617 48767.87985 -50.30201
42828.28283 0.01431 0.02346 48949.95763 48969.90005 -48.53899
43030.30303 0.13851 0.22585 49154.10737 49171.92025 -45.43768
43232.32323 0.26272 0.42270 49359.40087 49373.94045 -41.19261
43434.34343 0.38692 0.61049 49565.53185 49575.96065 -36.11007
43636.36364 0.51112 0.78745 49772.17794 49777.98086 -30.51243
43838.38384 0.63532 0.95330 49979.06512 49980.00106 -24.67368
44040.40404 0.75952 1.10860 50185.98875 50182.02126 -18.79849
44242.42424 0.88372 1.25435 50392.80784 50384.04146 -13.02783
44444.44444 1.00792 1.39168 50599.43037 50586.06166 -7.45373
44646.46465 1.13212 1.52165 50805.79883 50788.08187 -2.13371
44848.48485 1.25632 1.64524 51011.87887 50990.10207 2.89789
45050.50505 1.38052 1.76332 51217.65138 51192.12227 7.62197
45252.52525 1.50472 1.87662 51423.10704 51394.14247 12.02920
45454.54545 1.62892 1.98581 51628.24278 51596.16267 16.11650
45656.56566 1.75312 2.09145 51833.05940 51798.18288 19.88468
45858.58586 1.87732 2.19401 52037.56006 52000.20308 23.33691
46060.60606 2.00152 2.29392 52241.74930 52202.22328 26.47771
46262.62626 2.12572 2.39157 52445.63234 52404.24348 29.31232
46464.64646 2.24993 2.48728 52649.21473 52606.26368 31.84627
46666.66667 2.37413 2.58136 52852.50202 52808.28389 34.08512
46868.68687 2.49833 2.67409 53055.49959 53010.30409 36.03426
47070.70707 2.62253 2.76570 53258.21261 53212.32429 37.69884
47272.72727 2.74673 2.85644 53460.64590 53414.34449 39.08370
47474.74747 2.87093 2.94652 53662.80396 53616.36469 40.19332
47676.76768 2.99513 3.03617 53864.69096 53818.38490 41.03188
47878.78788 3.11933 3.12558 54066.31070 54020.40510 41.60318
48080.80808 3.24353 3.21495 54267.66671 54222.42530 41.91076
48282.82828 3.36773 3.30448 54468.76225 54424.44550 41.95787
48484.84848 3.49193 3.39439 54669.60038 54626.46570 41.74756
48686.86869 3.61613 3.48487 54870.18400 54828.48591 41.28274
48888.88889 3.74033 3.57614 55070.51595 55030.50611 40.56626
49090.90909 3.86453 3.66844 55270.59915 55232.52631 39.60102
49292.92929 3.98873 3.76200 55470.43671 55434.54651 38.39015
49494.94949 4.11293 3.85710 55670.03213 55636.56671 36.93714
49696.96970 4.23714 3.95401 55869.38960 55838.58692 35.24616
49898.98990 4.36134 4.05307 56068.51423 56040.60712 33.32236
50101.01010 4.48554 4.15464 56267.41265 56242.62732 31.17234
50303.03030 4.60974 4.25912 56466.09357 56444.64752 28.80483
50505.05051 4.73394 4.36697 56664.56872 56646.66773 26.23153
50707.07071 4.85814 4.47874 56862.85401 56848.68793 23.46839
50909.09091 4.98234 4.59502 57060.97140 57050.70813 20.53735
51111.11111 5.10654 4.71654 57258.95132 57252.72833 17.46884
51313.13131 5.23074 4.84412 57456.83618 57454.74853 14.30526
51515.15152 5.35494 4.97869 57654.68529 57656.76874 11.10593
51717.17172 5.47914 5.12129 57852.58156 57858.78894 7.95377
51919.19192 5.60334 5.27305 58050.64010 58060.80914 4.96387
52121.21212 5.72754 5.43501 58249.01790 58262.82934 2.29324
52323.23232 5.85174 5.60797 58447.92123 58464.84954 0.14813
52525.25253 5.97594 5.79199 58647.60254 58666.86975 -1.21900
52727.27273 6.10014 5.98591 58848.33277 58868.88995 -1.53720
52929.29293 6.22435 6.18682 59050.33766 59070.91015 -0.58075
53131.31313 0.06536 0.10702 59253.71183 59272.93035 1.74499
53333.33333 0.18956 0.30767 59458.36377 59474.95055 5.34850
53535.35354 0.31376 0.50112 59664.04147 59676.97076 9.97775
53737.37374 0.43796 0.68458 59870.42136 59878.99096 15.30921
53939.39394 0.56216 0.85694 60077.19583 60081.01116 21.03524
54141.41414 0.68636 1.01835 60284.11884 60283.03136 26.90982
54343.43434 0.81056 1.16960 60491.01343 60485.05156 32.75598
54545.45455 0.93476 1.31175 60697.76062 60687.07177 38.45473
54747.47475 1.05897 1.44593 60904.28416 60889.09197 43.92983
54949.49495 1.18317 1.57317 61110.53721 61091.11217 49.13445
55151.51515 1.30737 1.69439 61316.49251 61293.13237 54.04131
55353.53535 1.43157 1.81042 61522.13550 61495.15257 58.63587
55555.55556 1.55577 1.92197 61727.45979 61697.17278 62.91172
55757.57576 1.67997 2.02963 61932.46411 61899.19298 66.86760
55959.59596 1.80417 2.13394 62137.15039 62101.21318 70.50545
56161.61616 1.92837 2.23537 62341.52245 62303.23338 73.82908
56363.63636 2.05257 2.33431 62545.58518 62505.25358 76.84337
56565.65657 2.17677 2.43112 62749.34399 62707.27379 79.55374
56767.67677 2.30097 2.52613 62952.80442 62909.29399 81.96574
56969.69697 2.42517 2.61962 63155.97199 63111.31419 84.08488
57171.71717 2.54937 2.71186 63358.85201 63313.33439 85.91646
57373.73737 2.67357 2.80308 63561.44949 63515.35459 87.46551
57575.75758 2.79777 2.89353 63763.76915 63717.37480 88.73672
57777.77778 2.92197 2.98341 63965.81532 63919.39500 89.73445
57979.79798 3.04618 3.07293 64167.59202 64121.41520 90.46272
58181.81818 3.17038 3.16230 64369.10295 64323.43540 90.92522
58383.83838 3.29458 3.25172 64570.35153 64525.45560 91.12537
58585.85859 3.41878 3.34138 64771.34093 64727.47581 91.06632
58787.87879 3.54298 3.43149 64972.07410 64929.49601 90.75106
58989.89899 3.66718 3.52227 65172.55393 65131.51621 90.18246
59191.91919 3.79138 3.61394 65372.78329 65333.53641 89.36338
59393.93939 3.91558 3.70672 65572.76513 65535.55661 88.29679
59595.95960 4.03978 3.80088 65772.50273 65737.57682 86.98594
59797.97980 4.16398 3.89669 65971.99980 65939.59702 85.43458
60000.00000 4.28818 3.99445 66171.26087 66141.61722 83.64721
