40000.00000 4.55869 4.55869 46139.69131 46141.61722 0.07409
40202.02020 4.68289 4.68289 46337.55838 46343.63742 -4.07904
40404.04040 4.80709 4.80709 46535.51906 46545.65762 -8.13856
40606.06061 4.93129 4.93129 46733.63591 46747.67783 -12.04192
40808.08081 5.05549 5.05549 46931.96904 46949.69803 -15.72899
41010.10101 5.17969 5.17969 47130.57526 47151.71823 -19.14297
41212.12121 5.30389 5.30389 47329.50718 47353.73843 -22.23125
41414.14141 5.42810 5.42810 47528.81236 47555.75863 -24.94627
41616.16162 5.55230 5.55230 47728.53265 47757.77884 -27.24619
41818.18182 5.67650 5.67650 47928.70346 47959.79904 -29.09558
42020.20202 5.80070 5.80070 48129.35330 48161.81924 -30.46594
42222.22222 5.92490 5.92490 48330.50327 48363.83944 -31.33617
42424.24242 6.04910 6.04910 48532.16679 48565.85964 -31.69285
42626.26263 6.17330 6.17330 48734.34936 48767.87985 -31.53050
42828.28283 0.01431 0.01431 48937.04845 48969.90005 -30.85160
43030.30303 0.13851 0.13851 49140.25363 49171.92025 -29.66662
43232.32323 0.26272 0.26272 49343.94664 49373.94045 -27.99381
43434.34343 0.38692 0.38692 49548.10171 49575.96065 -25.85895
43636.36364 0.51112 0.51112 49752.68595 49777.98086 -23.29491
43838.38384 0.63532 0.63532 49957.65985 49980.00106 -20.34121
44040.40404 0.75952 0.75952 50162.97792 50182.02126 -17.04335
44242.42424 0.88372 0.88372 50368.58934 50384.04146 -13.45212
44444.44444 1.00792 1.00792 50574.43880 50586.06166 -9.62287
44646.46465 1.13212 1.13212 50780.46730 50788.08187 -5.61457
44848.48485 1.25632 1.25632 50986.61309 50990.10207 -1.48898
45050.50505 1.38052 1.38052 51192.81261 51192.12227 2.69034
45252.52525 1.50472 1.50472 51399.00148 51394.14247 6.85901
45454.54545 1.62892 1.62892 51605.11547 51596.16267 10.95280
45656.56566 1.75312 1.75312 51811.09153 51798.18288 14.90865
45858.58586 1.87732 1.87732 52016.86869 52000.20308 18.66561
46060.60606 2.00152 2.00152 52222.38909 52202.22328 22.16581
46262.62626 2.12572 2.12572 52427.59880 52404.24348 25.35532
46464.64646 2.24993 2.24993 52632.44869 52606.26368 28.18501
46666.66667 2.37413 2.37413 52836.89517 52808.28389 30.61128
46868.68687 2.49833 2.49833 53040.90085 53010.30409 32.59676
47070.70707 2.62253 2.62253 53244.43514 53212.32429 34.11085
47272.72727 2.74673 2.74673 53447.47473 53414.34449 35.13024
47474.74747 2.87093 2.87093 53650.00391 53616.36469 35.63922
47676.76768 2.99513 2.99513 53852.01484 53818.38490 35.62994
47878.78788 3.11933 3.11933 54053.50766 54020.40510 35.10256
48080.80808 3.24353 3.24353 54254.49050 54222.42530 34.06520
48282.82828 3.36773 3.36773 54454.97934 54424.44550 32.53383
48484.84848 3.49193 3.49193 54654.99777 54626.46570 30.53207
48686.86869 3.61613 3.61613 54854.57664 54828.48591 28.09073
48888.88889 3.74033 3.74033 55053.75356 55030.50611 25.24744
49090.90909 3.86453 3.86453 55252.57232 55232.52631 22.04601
49292.92929 3.98873 3.98873 55451.08226 55434.54651 18.53574
49494.94949 4.11293 4.11293 55649.33745 55636.56671 14.77073
49696.96970 4.23714 4.23714 55847.39590 55838.58692 10.80898
49898.98990 4.36134 4.36134 56045.31864 56040.60712 6.71152
50101.01010 4.48554 4.48554 56243.16881 56242.62732 2.54148
50303.03030 4.60974 4.60974 56441.01063 56444.64752 -1.63689
50505.05051 4.73394 4.73394 56638.90850 56646.66773 -5.75923
50707.07071 4.85814 4.85814 56836.92591 56848.68793 -9.76202
50909.09091 4.98234 4.98234 57035.12454 57050.70813 -13.58359
51111.11111 5.10654 5.10654 57233.56325 57252.72833 -17.16508
51313.13131 5.23074 5.23074 57432.29724 57454.74853 -20.45130
51515.15152 5.35494 5.35494 57631.37712 57656.76874 -23.39162
51717.17172 5.47914 5.47914 57830.84820 57858.78894 -25.94074
51919.19192 5.60334 5.60334 58030.74974 58060.80914 -28.05940
52121.21212 5.72754 5.72754 58231.11440 58262.82934 -29.71494
52323.23232 5.85174 5.85174 58431.96767 58464.84954 -30.88187
52525.25253 5.97594 5.97594 58633.32754 58666.86975 -31.54221
52727.27273 6.10014 6.10014 58835.20417 58868.88995 -31.68578
52929.29293 6.22435 6.22435 59037.59979 59070.91015 -31.31036
53131.31313 0.06536 0.06536 59240.50860 59272.93035 -30.42175
53333.33333 0.18956 0.18956 59443.91692 59474.95055 -29.03363
53535.35354 0.31376 0.31376 59647.80338 59676.97076 -27.16738
53737.37374 0.43796 0.43796 59852.13920 59878.99096 -24.85176
53939.39394 0.56216 0.56216 60056.88873 60081.01116 -22.12243
54141.41414 0.68636 0.68636 60262.00991 60283.03136 -19.02146
54343.43434 0.81056 0.81056 60467.45497 60485.05156 -15.59659
54545.45455 0.93476 0.93476 60673.17116 60687.07177 -11.90061
54747.47475 1.05897 1.05897 60879.10152 60889.09197 -7.99045
54949.49495 1.18317 1.18317 61085.18582 61091.11217 -3.92635
55151.51515 1.30737 1.30737 61291.36145 61293.13237 0.22908
55353.53535 1.43157 1.43157 61497.56440 61495.15257 4.41183
55555.55556 1.55577 1.55577 61703.73023 61697.17278 8.55745
55757.57576 1.67997 1.67997 61909.79507 61899.19298 12.60208
55959.59596 1.80417 1.80417 62115.69659 62101.21318 16.48341
56161.61616 1.92837 1.92837 62321.37503 62303.23338 20.14165
56363.63636 2.05257 2.05257 62526.77401 62505.25358 23.52043
56565.65657 2.17677 2.17677 62731.84149 62707.27379 26.56770
56767.67677 2.30097 2.30097 62936.53051 62909.29399 29.23652
56969.69697 2.42517 2.42517 63140.79997 63111.31419 31.48578
57171.71717 2.54937 2.54937 63344.61520 63313.33439 33.28081
57373.73737 2.67357 2.67357 63547.94857 63515.35459 34.59398
57575.75758 2.79777 2.79777 63750.77985 63717.37480 35.40505
57777.77778 2.92197 2.92197 63953.09652 63919.39500 35.70152
57979.79798 3.04618 3.04618 64154.89403 64121.41520 35.47883
58181.81818 3.17038 3.17038 64356.17581 64323.43540 34.74041
58383.83838 3.29458 3.29458 64556.95324 64525.45560 33.49764
58585.85859 3.41878 3.41878 64757.24547 64727.47581 31.76966
58787.87879 3.54298 3.54298 64957.07911 64929.49601 29.58310
58989.89899 3.66718 3.66718 65156.48785 65131.51621 26.97164
59191.91919 3.79138 3.79138 65355.51193 65333.53641 23.97552
59393.93939 3.91558 3.91558 65554.19751 65535.55661 20.64090
59595.95960 4.03978 4.03978 65752.59597 65737.57682 17.01915
59797.97980 4.16398 4.16398 65950.76308 65939.59702 13.16606
60000.00000 4.28818 4.28818 66148.75823 66141.61722 9.14101
